<?xml version="1.0" encoding="UTF-8"?>
<!-- Generated by org.testng.reporters.JUnitReportReporter -->
<testsuite hostname="DESKTOP-QKKB8N7" failures="0" tests="3" name="day2_11012024.DataProviderDemo" time="46.106" errors="0" timestamp="2024-01-26T15:17:54 IST" skipped="0">
  <testcase classname="day2_11012024.DataProviderDemo" name="flipkartSearchMobile" time="12.301"/>
  <testcase classname="day2_11012024.DataProviderDemo" name="flipkartSearchMobile" time="17.587"/>
  <testcase classname="day2_11012024.DataProviderDemo" name="flipkartSearchMobile" time="16.218"/>
</testsuite> <!-- day2_11012024.DataProviderDemo -->
