<?xml version="1.0" encoding="UTF-8"?>
<!-- Generated by org.testng.reporters.JUnitReportReporter -->
<testsuite hostname="DESKTOP-QKKB8N7" failures="0" tests="1" name="day2_11012024.MainClass" time="8.206" errors="0" timestamp="2024-01-26T11:01:51 IST" skipped="0">
  <testcase classname="day2_11012024.MainClass" name="setUp" time="8.206"/>
</testsuite> <!-- day2_11012024.MainClass -->
