<?xml version="1.0" encoding="UTF-8"?>
<!-- Generated by org.testng.reporters.JUnitReportReporter -->
<testsuite hostname="DESKTOP-QKKB8N7" failures="0" tests="2" name="day2_11012024.DependsOnMethodDemo" time="12.481" errors="0" timestamp="2024-01-26T11:01:51 IST" skipped="0">
  <testcase classname="day2_11012024.DependsOnMethodDemo" name="setUp" time="9.778"/>
  <testcase classname="day2_11012024.DependsOnMethodDemo" name="login" time="2.703"/>
</testsuite> <!-- day2_11012024.DependsOnMethodDemo -->
