<?xml version="1.0" encoding="UTF-8"?>
<!-- Generated by org.testng.reporters.JUnitReportReporter -->
<testsuite hostname="DESKTOP-QKKB8N7" failures="0" tests="2" name="day1_10012024.LoginOrangeHRM" time="7.459" errors="0" timestamp="2024-01-26T10:02:53 IST" skipped="0">
  <testcase classname="day1_10012024.LoginOrangeHRM" name="login" time="2.321"/>
  <testcase classname="day1_10012024.LoginOrangeHRM" name="logout" time="5.138"/>
</testsuite> <!-- day1_10012024.LoginOrangeHRM -->
