<?xml version="1.0" encoding="UTF-8"?>
<!-- Generated by org.testng.reporters.JUnitReportReporter -->
<testsuite hostname="DESKTOP-QKKB8N7" failures="0" tests="2" name="day1_10012024.LoginOrangeHrmPractice" time="6.404" errors="0" timestamp="2024-01-26T10:38:37 IST" skipped="0">
  <testcase classname="day1_10012024.LoginOrangeHrmPractice" name="login" time="2.336"/>
  <testcase classname="day1_10012024.LoginOrangeHrmPractice" name="logout" time="4.068"/>
</testsuite> <!-- day1_10012024.LoginOrangeHrmPractice -->
