<?xml version="1.0" encoding="UTF-8"?>
<!-- Generated by org.testng.reporters.JUnitReportReporter -->
<testsuite hostname="DESKTOP-QKKB8N7" failures="0" tests="2" name="day1_10012024.AnnotationsDemo" time="0.035" errors="0" timestamp="2024-01-22T21:01:59 IST" skipped="0">
  <testcase classname="day1_10012024.AnnotationsDemo" name="Test2" time="0.017"/>
  <testcase classname="day1_10012024.AnnotationsDemo" name="Test1" time="0.018"/>
</testsuite> <!-- day1_10012024.AnnotationsDemo -->
