<?xml version="1.0" encoding="UTF-8"?>
<!-- Generated by org.testng.reporters.JUnitReportReporter -->
<testsuite hostname="DESKTOP-QKKB8N7" failures="0" tests="1" name="day5_19012024.CrossBrowserTesting" time="13.109" errors="0" timestamp="2024-01-27T17:35:58 IST" skipped="0">
  <testcase classname="day5_19012024.CrossBrowserTesting" name="launchBrowser" time="13.109"/>
</testsuite> <!-- day5_19012024.CrossBrowserTesting -->
